TN:
SF:/home/zoli/Downloads/ibrik/test/fixture/third_party/StringScannerWithTest.coffee
FN:1,(anonymous_1)
FN:1,(anonymous_2)
FN:3,StringScanner
FN:7,(anonymous_4)
FN:14,(anonymous_5)
FN:16,(anonymous_6)
FN:18,(anonymous_7)
FN:27,(anonymous_8)
FN:36,(anonymous_9)
FN:43,(anonymous_10)
FN:47,(anonymous_11)
FN:49,(anonymous_12)
FN:59,(anonymous_13)
FN:62,(anonymous_14)
FN:65,(anonymous_15)
FN:70,(anonymous_16)
FN:72,(anonymous_17)
FN:74,(anonymous_18)
FN:76,(anonymous_19)
FN:78,(anonymous_20)
FN:84,(anonymous_21)
FN:89,(anonymous_22)
FN:91,(anonymous_23)
FN:96,(anonymous_24)
FN:101,(anonymous_25)
FN:105,(anonymous_26)
FN:109,(anonymous_27)
FN:111,(anonymous_28)
FN:116,(anonymous_29)
FN:131,(anonymous_30)
FN:143,(anonymous_31)
FN:145,(anonymous_32)
FN:150,(anonymous_33)
FN:168,(anonymous_34)
FN:183,(anonymous_35)
FN:190,(anonymous_36)
FN:200,(anonymous_37)
FN:221,(anonymous_38)
FN:226,(anonymous_39)
FN:234,(anonymous_40)
FN:249,(anonymous_41)
FN:258,(anonymous_42)
FN:265,(anonymous_43)
FN:272,(anonymous_44)
FN:279,(anonymous_45)
FN:288,(anonymous_46)
FN:300,(anonymous_47)
FN:310,(anonymous_48)
FN:321,(anonymous_49)
FN:334,(anonymous_50)
FN:343,(anonymous_51)
FN:354,(anonymous_52)
FN:366,(anonymous_53)
FN:376,(anonymous_54)
FN:385,(anonymous_55)
FN:393,(anonymous_56)
FNF:56
FNH:55
FNDA:1,(anonymous_1)
FNDA:1,(anonymous_2)
FNDA:32,StringScanner
FNDA:58,(anonymous_4)
FNDA:8,(anonymous_5)
FNDA:11,(anonymous_6)
FNDA:52,(anonymous_7)
FNDA:17,(anonymous_8)
FNDA:2,(anonymous_9)
FNDA:1,(anonymous_10)
FNDA:8,(anonymous_11)
FNDA:4,(anonymous_12)
FNDA:6,(anonymous_13)
FNDA:29,(anonymous_14)
FNDA:4,(anonymous_15)
FNDA:28,(anonymous_16)
FNDA:19,(anonymous_17)
FNDA:9,(anonymous_18)
FNDA:20,(anonymous_19)
FNDA:4,(anonymous_20)
FNDA:8,(anonymous_21)
FNDA:4,(anonymous_22)
FNDA:38,(anonymous_23)
FNDA:12,(anonymous_24)
FNDA:5,(anonymous_25)
FNDA:4,(anonymous_26)
FNDA:10,(anonymous_27)
FNDA:2,(anonymous_28)
FNDA:0,(anonymous_29)
FNDA:21,(anonymous_30)
FNDA:11,(anonymous_31)
FNDA:24,(anonymous_32)
FNDA:1,(anonymous_33)
FNDA:1,(anonymous_34)
FNDA:1,(anonymous_35)
FNDA:1,(anonymous_36)
FNDA:1,(anonymous_37)
FNDA:1,(anonymous_38)
FNDA:1,(anonymous_39)
FNDA:1,(anonymous_40)
FNDA:1,(anonymous_41)
FNDA:1,(anonymous_42)
FNDA:1,(anonymous_43)
FNDA:1,(anonymous_44)
FNDA:1,(anonymous_45)
FNDA:1,(anonymous_46)
FNDA:1,(anonymous_47)
FNDA:1,(anonymous_48)
FNDA:1,(anonymous_49)
FNDA:1,(anonymous_50)
FNDA:1,(anonymous_51)
FNDA:1,(anonymous_52)
FNDA:1,(anonymous_53)
FNDA:1,(anonymous_54)
FNDA:1,(anonymous_55)
FNDA:1,(anonymous_56)
DA:0,58
DA:1,1
DA:3,32
DA:4,32
DA:5,32
DA:6,32
DA:8,58
DA:9,58
DA:12,32
DA:19,52
DA:20,10
DA:21,10
DA:22,42
DA:23,42
DA:24,42
DA:28,17
DA:29,17
DA:30,5
DA:31,5
DA:32,12
DA:33,12
DA:37,2
DA:38,2
DA:39,2
DA:40,6
DA:44,1
DA:50,4
DA:51,4
DA:52,1
DA:53,1
DA:54,3
DA:55,3
DA:56,3
DA:66,4
DA:72,19
DA:79,4
DA:80,4
DA:81,4
DA:85,8
DA:86,8
DA:92,38
DA:93,38
DA:97,12
DA:98,12
DA:102,5
DA:106,4
DA:112,2
DA:113,2
DA:120,1
DA:121,1
DA:122,1
DA:123,1
DA:124,1
DA:125,1
DA:126,1
DA:128,1
DA:129,1
DA:131,1
DA:132,21
DA:135,11
DA:136,11
DA:137,11
DA:143,1
DA:145,1
DA:150,1
DA:152,1
DA:153,1
DA:155,1
DA:156,1
DA:157,1
DA:159,1
DA:160,1
DA:161,1
DA:163,1
DA:164,1
DA:165,1
DA:168,1
DA:170,1
DA:171,1
DA:173,1
DA:174,1
DA:176,1
DA:177,1
DA:179,1
DA:180,1
DA:183,1
DA:184,1
DA:185,1
DA:186,1
DA:187,1
DA:190,1
DA:191,1
DA:193,1
DA:195,1
DA:197,1
DA:200,1
DA:201,1
DA:202,1
DA:203,1
DA:204,1
DA:205,1
DA:206,1
DA:207,1
DA:208,1
DA:209,1
DA:210,1
DA:211,1
DA:212,1
DA:213,1
DA:214,1
DA:215,1
DA:216,1
DA:217,1
DA:218,1
DA:221,1
DA:222,1
DA:223,1
DA:226,1
DA:227,1
DA:228,1
DA:229,1
DA:230,1
DA:231,1
DA:234,1
DA:235,1
DA:236,1
DA:237,1
DA:238,1
DA:239,1
DA:240,1
DA:241,1
DA:242,1
DA:243,1
DA:244,1
DA:245,1
DA:246,1
DA:249,1
DA:250,1
DA:251,1
DA:252,1
DA:253,1
DA:254,1
DA:255,1
DA:258,1
DA:259,1
DA:260,1
DA:261,1
DA:262,1
DA:265,1
DA:266,1
DA:267,1
DA:268,1
DA:269,1
DA:272,1
DA:273,1
DA:274,1
DA:275,1
DA:276,1
DA:279,1
DA:280,1
DA:281,1
DA:282,1
DA:283,1
DA:284,1
DA:285,1
DA:288,1
DA:289,1
DA:290,1
DA:291,1
DA:292,1
DA:293,1
DA:294,1
DA:295,1
DA:296,1
DA:297,1
DA:300,1
DA:301,1
DA:302,1
DA:303,1
DA:304,1
DA:305,1
DA:306,1
DA:307,1
DA:310,1
DA:311,1
DA:312,1
DA:313,1
DA:314,1
DA:315,1
DA:316,1
DA:317,1
DA:318,1
DA:321,1
DA:322,1
DA:323,1
DA:324,1
DA:325,1
DA:326,1
DA:327,1
DA:328,1
DA:329,1
DA:330,1
DA:331,1
DA:334,1
DA:335,1
DA:336,1
DA:337,1
DA:338,1
DA:339,1
DA:340,1
DA:343,1
DA:344,1
DA:345,1
DA:346,1
DA:347,1
DA:348,1
DA:349,1
DA:350,1
DA:351,1
DA:354,1
DA:355,1
DA:356,1
DA:357,1
DA:358,1
DA:359,1
DA:360,1
DA:361,1
DA:362,1
DA:363,1
DA:366,1
DA:367,1
DA:368,1
DA:369,1
DA:370,1
DA:371,1
DA:372,1
DA:373,1
DA:376,1
DA:377,1
DA:378,1
DA:379,1
DA:380,1
DA:381,1
DA:382,1
DA:385,1
DA:386,1
DA:387,1
DA:388,1
DA:389,1
DA:390,1
DA:393,1
DA:394,1
DA:395,1
DA:396,1
DA:397,1
DA:398,1
DA:399,1
DA:400,1
LF:258
LH:258
BRDA:3,1,0,30
BRDA:3,1,1,2
BRDA:14,2,0,8
BRDA:14,2,1,4
BRDA:19,3,0,10
BRDA:19,3,1,42
BRDA:29,4,0,5
BRDA:29,4,1,12
BRDA:51,5,0,1
BRDA:51,5,1,3
BRDA:72,6,0,13
BRDA:72,6,1,6
BRDA:80,7,0,1
BRDA:80,7,1,3
BRDA:81,8,0,1
BRDA:81,8,1,3
BRDA:93,9,0,32
BRDA:93,9,1,6
BRDA:98,10,0,10
BRDA:98,10,1,2
BRDA:117,11,0,0
BRDA:117,11,1,0
BRDA:117,12,0,0
BRDA:117,12,1,0
BRDA:132,13,0,10
BRDA:132,13,1,11
BRDA:134,14,0,10
BRDA:134,14,1,0
BRDA:135,15,0,11
BRDA:135,15,1,0
BRDA:135,16,0,11
BRDA:135,16,1,11
BRDA:136,17,0,0
BRDA:136,17,1,11
BRDA:0,18,0,0
BRDA:0,18,1,10
BRDA:141,19,0,0
BRDA:141,19,1,0
BRF:38
BRH:28
end_of_record
