{"/home/zoli/Downloads/ibrik/test/fixture/test002.coffee":{"path":"/home/zoli/Downloads/ibrik/test/fixture/test002.coffee","s":{"1":1,"2":1,"3":1,"4":1,"5":1,"6":1,"7":1,"8":1},"b":{},"f":{"1":1,"2":1,"3":1,"4":1},"fnMap":{"1":{"name":"(anonymous_1)","line":1,"loc":{"start":{"line":1,"column":-15},"end":{"line":1,"column":-15}}},"2":{"name":"(anonymous_2)","line":1,"loc":{"start":{"line":1,"column":-9},"end":{"line":1,"column":-9}}},"3":{"name":"MyClass","line":2,"loc":{"start":{"line":2,"column":17},"end":{"line":2,"column":17}}},"4":{"name":"(anonymous_4)","line":4,"loc":{"start":{"line":4,"column":9},"end":{"line":4,"column":9}}}},"statementMap":{"1":{"start":{"line":1,"column":-15},"end":{"line":1,"column":-15}},"2":{"start":{"line":1,"column":-15},"end":{"line":1,"column":-15}},"3":{"start":{"line":1,"column":-9},"end":{"line":1,"column":-15}},"4":{"start":{"line":2,"column":17},"end":{"line":2,"column":4}},"5":{"start":{"line":3,"column":8},"end":{"line":2,"column":17}},"6":{"start":{"line":2,"column":4},"end":{"line":2,"column":4}},"7":{"start":{"line":0,"column":0},"end":{"line":2,"column":4}},"8":{"start":{"line":6,"column":0},"end":{"line":1,"column":-15}}},"branchMap":{}}}